populations v2.65, executed 2024-06-22 00:18:32 (zlib-1.2.13)
populations -P /carc/scratch/projects/andersen2016005/pitta/ddRAD/3_Ref_Map/ -O /carc/scratch/projects/andersen2016005/pitta/ddRAD/4_Stacksout/BWP_MP_R0_noMAF -M /carc/scratch/projects/andersen2016005/pitta/ddRAD/3_Ref_Map/bwp_mp_popmap.txt -t 8 --write-random-snp --fstats --smooth-fstats --vcf --genepop --structure --plink --phylip-var-all --fasta-samples
Locus/sample distributions will be written to '/carc/scratch/projects/andersen2016005/pitta/ddRAD/4_Stacksout/BWP_MP_R0_noMAF/populations.log.distribs'.
populations parameters selected:
  Percent samples limit per population: 0
  Locus Population limit: 1
  Percent samples overall: 0
  Minor allele frequency cutoff: 0
  Maximum observed heterozygosity cutoff: 1
  Applying Fst correction: none.
  Pi/Fis kernel smoothing: off
  F-stats kernel smoothing: on
  Bootstrap resampling: off

Parsing population map...
The population map contained 47 samples, 4 population(s), 1 group(s).
Working on 47 samples.
Working on 4 population(s):
    BWP_Res_SG: BWP-N1435-SG, BWP-N1436-SG, BWP-N1437-SG, BWP-N1438-SG, BWP-N1439-SG, BWP-N1440-SG
    BWP_Mig_SG: BWP-MSB-50626-SG, BWP-MSB-50627-SG, BWP-MSB-50628-SG, BWP-MSB-50629-SG, BWP-MSB-50630-SG, BWP-MSB-50631-SG, BWP-MSB-50632-SG, 
                BWP-MSB-50633-SG, BWP-MSB-50635-SG, BWP-MSB-50636-SG, BWP-MSB-50637-SG, BWP-MSB-50639-SG, BWP-MSB-50640-SG, BWP-MSB-50641-SG
    BWP_Mig_TH: BWP-5A12873-TH, BWP-5A12874-TH, BWP-5A12876-TH, BWP-5A12881-TH, BWP-5A13208-TH, BWP-5A13250-TH, BWP-5A13253-TH, BWP-5A13258-TH, 
                BWP-5A13259-TH, BWP-5A13260-TH, BWP-5A13264-TH, BWP-5A13268-TH, BWP-5A13269-TH, BWP-5A13280-TH, BWP-5A13283-TH, BWP-5A13285-TH, 
                BWP-KMN03-TH
    MP_Res_SG: MP-Dunman-SG, MP-MSB-50624-SG, MP-MSB-50625-SG, MP-N1431-SG, MP-N1432-SG, MP-N1433-SG, MP-N1434-SG, MP-N1441-SG, MP-N1442-SG, 
               MP-N1443-SG
Working on 1 group(s) of populations:
    defaultgrp: BWP_Res_SG, BWP_Mig_SG, BWP_Mig_TH, MP_Res_SG

SNPs and calls will be written in VCF format to '/carc/scratch/projects/andersen2016005/pitta/ddRAD/4_Stacksout/BWP_MP_R0_noMAF/populations.snps.vcf'
Polymorphic sites in GenePop format will be written to '/carc/scratch/projects/andersen2016005/pitta/ddRAD/4_Stacksout/BWP_MP_R0_noMAF/populations.snps.genepop'
Warning: Genepop: The order in which samples appear was modified (as the input population map is not sorted).Polymorphic sites in Structure format will be written to '/carc/scratch/projects/andersen2016005/pitta/ddRAD/4_Stacksout/BWP_MP_R0_noMAF/populations.structure'
Polymorphic sites in PLINK format will be written to '/carc/scratch/projects/andersen2016005/pitta/ddRAD/4_Stacksout/BWP_MP_R0_noMAF/populations.plink.ped'
All sites (fixed and variable) will be written in Phylip format to '/carc/scratch/projects/andersen2016005/pitta/ddRAD/4_Stacksout/BWP_MP_R0_noMAF/populations.all.phylip'
FASTA consensus sequences for each sample will be written to '/carc/scratch/projects/andersen2016005/pitta/ddRAD/4_Stacksout/BWP_MP_R0_noMAF/populations.samples.fa'
Raw haplotypes will be written to '/carc/scratch/projects/andersen2016005/pitta/ddRAD/4_Stacksout/BWP_MP_R0_noMAF/populations.haplotypes.tsv'
Population-level summary statistics will be written to '/carc/scratch/projects/andersen2016005/pitta/ddRAD/4_Stacksout/BWP_MP_R0_noMAF/populations.sumstats.tsv'
Population-level haplotype summary statistics will be written to '/carc/scratch/projects/andersen2016005/pitta/ddRAD/4_Stacksout/BWP_MP_R0_noMAF/populations.hapstats.tsv'

Processing data in batches:
  * load a batch of catalog loci and apply filters
  * compute SNP- and haplotype-wise per-population statistics
  * compute F-statistics
    * smooth F-statistics
  * write the above statistics in the output files
  * export the genotypes/haplotypes in specified format(s)
More details in '/carc/scratch/projects/andersen2016005/pitta/ddRAD/4_Stacksout/BWP_MP_R0_noMAF/populations.log.distribs'.

Now processing...
NC_045637.1_RagTag 
NC_045638.1_RagTag 
NC_045639.1_RagTag 
NC_045640.1_RagTag 
NC_045641.1_RagTag 
NC_045642.1_RagTag 
NC_045643.1_RagTag 
NC_045644.1_RagTag 
NC_045645.1_RagTag 
NC_045646.1_RagTag 
NC_045647.1_RagTag 
NC_045648.1_RagTag 
NC_045649.1_RagTag 
NC_045650.1_RagTag 
NC_045651.1_RagTag 
NC_045652.1_RagTag 
NC_045653.1_RagTag 
NC_045654.1_RagTag 
NC_045655.1_RagTag 
NC_045656.1_RagTag 
NC_045657.1_RagTag 
NC_045658.1_RagTag 
NC_045659.1_RagTag 
NC_045660.1_RagTag 
NC_045661.1_RagTag 
NC_045662.1_RagTag 
NC_045663.1_RagTag 
NC_045664.1_RagTag 
NC_045665.1_RagTag 
NC_045666.1_RagTag 
NC_045667.1_RagTag 
NC_045668.1_RagTag 
NC_045669.1_RagTag 
NC_045670.1_RagTag 
NC_045671.1_RagTag 
NW_022476499.1_RagTag 
NW_022476500.1_RagTag 
NW_022476501.1_RagTag 
NW_022476502.1_RagTag 
NW_022476503.1_RagTag 
NW_022476504.1_RagTag 
NW_022476505.1_RagTag 
NW_022476506.1_RagTag 
NW_022476508.1_RagTag 
NW_022476509.1_RagTag 
NW_022476515.1_RagTag 
NW_022476516.1_RagTag 
NW_022476517.1_RagTag 
NW_022476519.1_RagTag 
NW_022476524.1_RagTag 
NW_022476525.1_RagTag 
NW_022476526.1_RagTag 
NW_022476527.1_RagTag 
NW_022476528.1_RagTag 
NW_022476529.1_RagTag 
NW_022476530.1_RagTag 
NW_022476531.1_RagTag 
NW_022476532.1_RagTag 
NW_022476533.1_RagTag 
NW_022476534.1_RagTag 
NW_022476535.1_RagTag 
NW_022476542.1_RagTag 
scaffold_10000 
scaffold_10002 
scaffold_10005 
scaffold_10006 
scaffold_10007 
scaffold_10008 
scaffold_10013 
scaffold_10017 
scaffold_10018 
scaffold_10019 
scaffold_10027 
scaffold_10030 
scaffold_10031 
scaffold_10032 
scaffold_10033 
scaffold_10034 
scaffold_10036 
scaffold_10038 
scaffold_10041 
scaffold_10044 
scaffold_10048 
scaffold_10049 
scaffold_10052 
scaffold_10055 
scaffold_10058 
scaffold_10061 
scaffold_10066 
scaffold_10067 
scaffold_10072 
scaffold_10073 
scaffold_10074 
scaffold_10075 
scaffold_10076 
scaffold_10078 
scaffold_10083 
scaffold_10085 
scaffold_10092 
scaffold_10098 
scaffold_10100 
scaffold_10102 
scaffold_10103 
scaffold_10105 
scaffold_10106 
scaffold_10108 
scaffold_10109 
scaffold_10111 
scaffold_10115 
scaffold_10119 
scaffold_10120 
scaffold_10121 
scaffold_10122 
scaffold_10125 
scaffold_10126 
scaffold_10127 
scaffold_10129 
scaffold_10135 
scaffold_10139 
scaffold_10144 
scaffold_10145 
scaffold_10146 
scaffold_10149 
scaffold_10150 
scaffold_10152 
scaffold_10153 
scaffold_10155 
scaffold_10158 
scaffold_10161 
scaffold_10163 
scaffold_10165 
scaffold_10169 
scaffold_10172 
scaffold_10173 
scaffold_10177 
scaffold_10180 
scaffold_10181 
scaffold_10182 
scaffold_10184 
scaffold_10187 
scaffold_10190 
scaffold_10192 
scaffold_10193 
scaffold_10194 
scaffold_10196 
scaffold_10198 
scaffold_10202 
scaffold_10203 
scaffold_10209 
scaffold_10210 
scaffold_10211 
scaffold_10213 
scaffold_10218 
scaffold_10221 
scaffold_10225 
scaffold_10231 
scaffold_10232 
scaffold_10235 
scaffold_10236 
scaffold_10237 
scaffold_10238 
scaffold_10240 
scaffold_10243 
scaffold_10245 
scaffold_10247 
scaffold_10252 
scaffold_10261 
scaffold_10263 
scaffold_10265 
scaffold_10268 
scaffold_10271 
scaffold_10273 
scaffold_10274 
scaffold_10275 
scaffold_10281 
scaffold_10282 
scaffold_10284 
scaffold_10285 
scaffold_10290 
scaffold_10291 
scaffold_10293 
scaffold_10294 
scaffold_10297 
scaffold_10300 
scaffold_10302 
scaffold_10304 
scaffold_10308 
scaffold_10320 
scaffold_10321 
scaffold_10324 
scaffold_10330 
scaffold_10332 
scaffold_10335 
scaffold_10339 
scaffold_10342 
scaffold_10345 
scaffold_10346 
scaffold_10349 
scaffold_10352 
scaffold_10355 
scaffold_10358 
scaffold_10361 
scaffold_10367 
scaffold_10368 
scaffold_10372 
scaffold_10374 
scaffold_10375 
scaffold_10379 
scaffold_10387 
scaffold_10388 
scaffold_10390 
scaffold_10391 
scaffold_10400 
scaffold_10403 
scaffold_10406 
scaffold_10407 
scaffold_10408 
scaffold_10411 
scaffold_10415 
scaffold_10417 
scaffold_10419 
scaffold_10420 
scaffold_10423 
scaffold_10424 
scaffold_10427 
scaffold_10433 
scaffold_10434 
scaffold_10436 
scaffold_10439 
scaffold_10442 
scaffold_10447 
scaffold_10448 
scaffold_10456 
scaffold_10457 
scaffold_10461 
scaffold_10462 
scaffold_10464 
scaffold_10465 
scaffold_10470 
scaffold_10471 
scaffold_10474 
scaffold_10476 
scaffold_10477 
scaffold_10478 
scaffold_10498 
scaffold_10502 
scaffold_10504 
scaffold_10506 
scaffold_10508 
scaffold_10518 
scaffold_10521 
scaffold_10526 
scaffold_10533 
scaffold_10534 
scaffold_10535 
scaffold_10540 
scaffold_10541 
scaffold_10543 
scaffold_10544 
scaffold_10548 
scaffold_10550 
scaffold_10553 
scaffold_10554 
scaffold_10556 
scaffold_10558 
scaffold_10560 
scaffold_10562 
scaffold_10563 
scaffold_10564 
scaffold_10565 
scaffold_10567 
scaffold_10568 
scaffold_10571 
scaffold_10577 
scaffold_10578 
scaffold_10579 
scaffold_10584 
scaffold_10585 
scaffold_10586 
scaffold_10589 
scaffold_10590 
scaffold_10596 
scaffold_10597 
scaffold_10598 
scaffold_10603 
scaffold_10608 
scaffold_10610 
scaffold_10611 
scaffold_10612 
scaffold_10619 
scaffold_10621 
scaffold_10623 
scaffold_10624 
scaffold_10626 
scaffold_10629 
scaffold_10630 
scaffold_10632 
scaffold_10640 
scaffold_10643 
scaffold_10652 
scaffold_10653 
scaffold_10655 
scaffold_10656 
scaffold_10667 
scaffold_10673 
scaffold_10674 
scaffold_10678 
scaffold_10681 
scaffold_10682 
scaffold_10683 
scaffold_10689 
scaffold_10699 
scaffold_10703 
scaffold_10704 
scaffold_10713 
scaffold_10716 
scaffold_10720 
scaffold_10726 
scaffold_10727 
scaffold_10728 
scaffold_10736 
scaffold_10741 
scaffold_10757 
scaffold_10759 
scaffold_10765 
scaffold_10766 
scaffold_10768 
scaffold_10769 
scaffold_10771 
scaffold_10772 
scaffold_10775 
scaffold_10786 
scaffold_10787 
scaffold_10791 
scaffold_10792 
scaffold_10794 
scaffold_10795 
scaffold_10797 
scaffold_10800 
scaffold_10806 
scaffold_10809 
scaffold_10810 
scaffold_10811 
scaffold_10815 
scaffold_10816 
scaffold_10820 
scaffold_10826 
scaffold_10836 
scaffold_10837 
scaffold_10840 
scaffold_10841 
scaffold_10843 
scaffold_10847 
scaffold_10850 
scaffold_10853 
scaffold_10854 
scaffold_10855 
scaffold_10857 
scaffold_10859 
scaffold_10863 
scaffold_10865 
scaffold_10872 
scaffold_10875 
scaffold_10876 
scaffold_10878 
scaffold_10880 
scaffold_10881 
scaffold_10884 
scaffold_10887 
scaffold_10888 
scaffold_10903 
scaffold_10905 
scaffold_10906 
scaffold_10908 
scaffold_10910 
scaffold_10912 
scaffold_10917 
scaffold_10922 
scaffold_10929 
scaffold_10935 
scaffold_10937 
scaffold_10938 
scaffold_10939 
scaffold_10941 
scaffold_10946 
scaffold_10947 
scaffold_10954 
scaffold_10955 
scaffold_10956 
scaffold_10957 
scaffold_10961 
scaffold_10963 
scaffold_10965 
scaffold_10969 
scaffold_10975 
scaffold_10976 
scaffold_10978 
scaffold_10982 
scaffold_10987 
scaffold_10989 
scaffold_10993 
scaffold_10996 
scaffold_11000 
scaffold_11002 
scaffold_11003 
scaffold_11004 
scaffold_11005 
scaffold_11010 
scaffold_11011 
scaffold_11013 
scaffold_11017 
scaffold_11023 
scaffold_11031 
scaffold_11038 
scaffold_11043 
scaffold_11044 
scaffold_11048 
scaffold_11052 
scaffold_11054 
scaffold_11056 
scaffold_11059 
scaffold_11061 
scaffold_11066 
scaffold_11070 
scaffold_11074 
scaffold_11084 
scaffold_11088 
scaffold_11091 
scaffold_11094 
scaffold_11097 
scaffold_11099 
scaffold_11102 
scaffold_11113 
scaffold_11115 
scaffold_11116 
scaffold_11117 
scaffold_11122 
scaffold_11123 
scaffold_11125 
scaffold_11126 
scaffold_11130 
scaffold_11132 
scaffold_11141 
scaffold_11144 
scaffold_11145 
scaffold_11147 
scaffold_11160 
scaffold_11162 
scaffold_11163 
scaffold_11164 
scaffold_11165 
scaffold_11169 
scaffold_11172 
scaffold_11173 
scaffold_11174 
scaffold_11177 
scaffold_11179 
scaffold_11184 
scaffold_11187 
scaffold_11195 
scaffold_11204 
scaffold_11206 
scaffold_11209 
scaffold_11211 
scaffold_11212 
scaffold_11214 
scaffold_11218 
scaffold_11220 
scaffold_11221 
scaffold_11224 
scaffold_11226 
scaffold_11229 
scaffold_11235 
scaffold_11241 
scaffold_11244 
scaffold_11246 
scaffold_11248 
scaffold_11249 
scaffold_11250 
scaffold_11253 
scaffold_11259 
scaffold_11266 
scaffold_11268 
scaffold_11272 
scaffold_11275 
scaffold_11278 
scaffold_11281 
scaffold_11286 
scaffold_11289 
scaffold_11290 
scaffold_11294 
scaffold_11296 
scaffold_11297 
scaffold_11299 
scaffold_11300 
scaffold_11301 
scaffold_11304 
scaffold_11305 
scaffold_11309 
scaffold_11310 
scaffold_11311 
scaffold_11321 
scaffold_11323 
scaffold_11324 
scaffold_11329 
scaffold_11330 
scaffold_11335 
scaffold_11337 
scaffold_11339 
scaffold_11341 
scaffold_11343 
scaffold_11355 
scaffold_11357 
scaffold_11360 
scaffold_11362 
scaffold_11363 
scaffold_11366 
scaffold_11367 
scaffold_11368 
scaffold_11374 
scaffold_11376 
scaffold_11377 
scaffold_11379 
scaffold_11380 
scaffold_11382 
scaffold_11383 
scaffold_11384 
scaffold_11395 
scaffold_11398 
scaffold_11403 
scaffold_11406 
scaffold_11412 
scaffold_11413 
scaffold_11417 
scaffold_11419 
scaffold_11420 
scaffold_11426 
scaffold_11428 
scaffold_11429 
scaffold_11436 
scaffold_11440 
scaffold_11446 
scaffold_11455 
scaffold_11464 
scaffold_11467 
scaffold_11468 
scaffold_11469 
scaffold_11470 
scaffold_11474 
scaffold_11476 
scaffold_11481 
scaffold_11483 
scaffold_11485 
scaffold_11486 
scaffold_11487 
scaffold_11497 
scaffold_11503 
scaffold_11505 
scaffold_11509 
scaffold_11512 
scaffold_11515 
scaffold_11523 
scaffold_11529 
scaffold_11531 
scaffold_11532 
scaffold_11533 
scaffold_11539 
scaffold_11540 
scaffold_11541 
scaffold_11546 
scaffold_11547 
scaffold_11550 
scaffold_11551 
scaffold_11572 
scaffold_11574 
scaffold_11579 
scaffold_11580 
scaffold_11581 
scaffold_11585 
scaffold_11586 
scaffold_11587 
scaffold_11589 
scaffold_11609 
scaffold_11611 
scaffold_11615 
scaffold_11616 
scaffold_11626 
scaffold_11627 
scaffold_11628 
scaffold_11631 
scaffold_11635 
scaffold_11636 
scaffold_11642 
scaffold_11643 
scaffold_11652 
scaffold_11653 
scaffold_11655 
scaffold_11661 
scaffold_11666 
scaffold_11669 
scaffold_11677 
scaffold_11680 
scaffold_11689 
scaffold_11692 
scaffold_11695 
scaffold_11697 
scaffold_11698 
scaffold_11704 
scaffold_11707 
scaffold_11710 
scaffold_11712 
scaffold_11713 
scaffold_11717 
scaffold_11721 
scaffold_11723 
scaffold_11726 
scaffold_11727 
scaffold_11734 
scaffold_11735 
scaffold_11741 
scaffold_11744 
scaffold_11746 
scaffold_11747 
scaffold_11748 
scaffold_11750 
scaffold_11751 
scaffold_11756 
scaffold_11759 
scaffold_11766 
scaffold_11778 
scaffold_11781 
scaffold_11783 
scaffold_11786 
scaffold_11790 
scaffold_11796 
scaffold_11797 
scaffold_11799 
scaffold_11801 
scaffold_11803 
scaffold_11805 
scaffold_11806 
scaffold_11824 
scaffold_11826 
scaffold_11836 
scaffold_11844 
scaffold_11846 
scaffold_11851 
scaffold_11852 
scaffold_11855 
scaffold_11856 
scaffold_11865 
scaffold_11876 
scaffold_11882 
scaffold_11883 
scaffold_11884 
scaffold_11887 
scaffold_11891 
scaffold_11892 
scaffold_11900 
scaffold_11901 
scaffold_11907 
scaffold_11908 
scaffold_11914 
scaffold_11915 
scaffold_11924 
scaffold_11930 
scaffold_11932 
scaffold_11936 
scaffold_11938 
scaffold_11941 
scaffold_11943 
scaffold_11949 
scaffold_11954 
scaffold_11958 
scaffold_11962 
scaffold_11966 
scaffold_11967 
scaffold_11971 
scaffold_11973 
scaffold_11974 
scaffold_11979 
scaffold_11981 
scaffold_11984 
scaffold_11985 
scaffold_11987 
scaffold_11989 
scaffold_12004 
scaffold_12008 
scaffold_12011 
scaffold_12017 
scaffold_12027 
scaffold_12028 
scaffold_12032 
scaffold_12036 
scaffold_12044 
scaffold_12048 
scaffold_12052 
scaffold_12057 
scaffold_12060 
scaffold_12063 
scaffold_12065 
scaffold_12067 
scaffold_12068 
scaffold_12073 
scaffold_12076 
scaffold_12080 
scaffold_12081 
scaffold_12082 
scaffold_12088 
scaffold_12089 
scaffold_12090 
scaffold_12092 
scaffold_12098 
scaffold_12102 
scaffold_12106 
scaffold_12107 
scaffold_12111 
scaffold_12112 
scaffold_12117 
scaffold_12121 
scaffold_12130 
scaffold_12136 
scaffold_12137 
scaffold_12145 
scaffold_2669 
scaffold_2682 
scaffold_2763 
scaffold_2814 
scaffold_2914 
scaffold_2978 
scaffold_3131 
scaffold_3152 
scaffold_3185 
scaffold_3189 
scaffold_3328 
scaffold_3337 
scaffold_3445 
scaffold_3555 
scaffold_3618 
scaffold_3622 
scaffold_3659 
scaffold_3681 
scaffold_3695 
scaffold_3747 
scaffold_3761 
scaffold_3862 
scaffold_3897 
scaffold_3906 
scaffold_3935 
scaffold_3990 
scaffold_4000 
scaffold_4007 
scaffold_4009 
scaffold_4033 
scaffold_4041 
scaffold_4053 
scaffold_4069 
scaffold_4108 
scaffold_4124 
scaffold_4153 
scaffold_4206 
scaffold_4220 
scaffold_4225 
scaffold_4229 
scaffold_4246 
scaffold_4299 
scaffold_4321 
scaffold_4335 
scaffold_4345 
scaffold_4351 
scaffold_4377 
scaffold_4392 
scaffold_4408 
scaffold_4413 
scaffold_4435 
scaffold_4443 
scaffold_4451 
scaffold_4462 
scaffold_4474 
scaffold_4492 
scaffold_4496 
scaffold_4501 
scaffold_4513 
scaffold_4520 
scaffold_4523 
scaffold_4528 
scaffold_4529 
scaffold_4530 
scaffold_4563 
scaffold_4565 
scaffold_4568 
scaffold_4578 
scaffold_4593 
scaffold_4596 
scaffold_4602 
scaffold_4616 
scaffold_4631 
scaffold_4660 
scaffold_4667 
scaffold_4672 
scaffold_4678 
scaffold_4687 
scaffold_4706 
scaffold_4709 
scaffold_4711 
scaffold_4745 
scaffold_4749 
scaffold_4766 
scaffold_4771 
scaffold_4786 
scaffold_4793 
scaffold_4814 
scaffold_4837 
scaffold_4851 
scaffold_4863 
scaffold_4891 
scaffold_4906 
scaffold_4907 
scaffold_4910 
scaffold_4921 
scaffold_4923 
scaffold_4932 
scaffold_4934 
scaffold_4935 
scaffold_4943 
scaffold_4950 
scaffold_4954 
scaffold_4958 
scaffold_4960 
scaffold_4963 
scaffold_4964 
scaffold_4988 
scaffold_5000 
scaffold_5002 
scaffold_5007 
scaffold_5010 
scaffold_5015 
scaffold_5016 
scaffold_5030 
scaffold_5078 
scaffold_5089 
scaffold_5100 
scaffold_5107 
scaffold_5108 
scaffold_5126 
scaffold_5129 
scaffold_5131 
scaffold_5149 
scaffold_5158 
scaffold_5160 
scaffold_5165 
scaffold_5182 
scaffold_5187 
scaffold_5193 
scaffold_5194 
scaffold_5195 
scaffold_5200 
scaffold_5204 
scaffold_5215 
scaffold_5225 
scaffold_5231 
scaffold_5232 
scaffold_5244 
scaffold_5250 
scaffold_5261 
scaffold_5265 
scaffold_5267 
scaffold_5270 
scaffold_5282 
scaffold_5284 
scaffold_5286 
scaffold_5287 
scaffold_5288 
scaffold_5289 
scaffold_5296 
scaffold_5297 
scaffold_5313 
scaffold_5323 
scaffold_5328 
scaffold_5333 
scaffold_5345 
scaffold_5358 
scaffold_5365 
scaffold_5370 
scaffold_5371 
scaffold_5372 
scaffold_5390 
scaffold_5397 
scaffold_5404 
scaffold_5412 
scaffold_5418 
scaffold_5437 
scaffold_5444 
scaffold_5447 
scaffold_5450 
scaffold_5451 
scaffold_5458 
scaffold_5461 
scaffold_5466 
scaffold_5470 
scaffold_5480 
scaffold_5482 
scaffold_5486 
scaffold_5490 
scaffold_5491 
scaffold_5501 
scaffold_5503 
scaffold_5504 
scaffold_5510 
scaffold_5524 
scaffold_5525 
scaffold_5537 
scaffold_5544 
scaffold_5549 
scaffold_5559 
scaffold_5565 
scaffold_5571 
scaffold_5572 
scaffold_5574 
scaffold_5576 
scaffold_5578 
scaffold_5580 
scaffold_5581 
scaffold_5592 
scaffold_5593 
scaffold_5594 
scaffold_5595 
scaffold_5600 
scaffold_5601 
scaffold_5605 
scaffold_5616 
scaffold_5632 
scaffold_5637 
scaffold_5638 
scaffold_5653 
scaffold_5657 
scaffold_5658 
scaffold_5661 
scaffold_5666 
scaffold_5673 
scaffold_5676 
scaffold_5679 
scaffold_5686 
scaffold_5690 
scaffold_5697 
scaffold_5701 
scaffold_5704 
scaffold_5720 
scaffold_5726 
scaffold_5737 
scaffold_5755 
scaffold_5756 
scaffold_5758 
scaffold_5760 
scaffold_5764 
scaffold_5780 
scaffold_5784 
scaffold_5791 
scaffold_5794 
scaffold_5805 
scaffold_5806 
scaffold_5820 
scaffold_5830 
scaffold_5831 
scaffold_5832 
scaffold_5833 
scaffold_5851 
scaffold_5857 
scaffold_5858 
scaffold_5860 
scaffold_5877 
scaffold_5899 
scaffold_5901 
scaffold_5902 
scaffold_5904 
scaffold_5905 
scaffold_5906 
scaffold_5907 
scaffold_5912 
scaffold_5920 
scaffold_5922 
scaffold_5923 
scaffold_5931 
scaffold_5932 
scaffold_5937 
scaffold_5945 
scaffold_5952 
scaffold_5957 
scaffold_5959 
scaffold_5965 
scaffold_5968 
scaffold_5970 
scaffold_5972 
scaffold_5973 
scaffold_5981 
scaffold_5984 
scaffold_5988 
scaffold_5994 
scaffold_5995 
scaffold_5998 
scaffold_6000 
scaffold_6006 
scaffold_6011 
scaffold_6012 
scaffold_6013 
scaffold_6015 
scaffold_6024 
scaffold_6035 
scaffold_6043 
scaffold_6045 
scaffold_6056 
scaffold_6058 
scaffold_6064 
scaffold_6066 
scaffold_6068 
scaffold_6072 
scaffold_6078 
scaffold_6079 
scaffold_6080 
scaffold_6090 
scaffold_6100 
scaffold_6107 
scaffold_6110 
scaffold_6122 
scaffold_6124 
scaffold_6131 
scaffold_6134 
scaffold_6137 
scaffold_6146 
scaffold_6148 
scaffold_6151 
scaffold_6159 
scaffold_6165 
scaffold_6167 
scaffold_6170 
scaffold_6175 
scaffold_6178 
scaffold_6180 
scaffold_6188 
scaffold_6189 
scaffold_6193 
scaffold_6194 
scaffold_6195 
scaffold_6197 
scaffold_6198 
scaffold_6201 
scaffold_6213 
scaffold_6225 
scaffold_6236 
scaffold_6237 
scaffold_6240 
scaffold_6243 
scaffold_6248 
scaffold_6251 
scaffold_6253 
scaffold_6256 
scaffold_6260 
scaffold_6262 
scaffold_6267 
scaffold_6269 
scaffold_6273 
scaffold_6283 
scaffold_6287 
scaffold_6292 
scaffold_6293 
scaffold_6295 
scaffold_6305 
scaffold_6309 
scaffold_6310 
scaffold_6321 
scaffold_6322 
scaffold_6326 
scaffold_6329 
scaffold_6333 
scaffold_6334 
scaffold_6337 
scaffold_6340 
scaffold_6342 
scaffold_6350 
scaffold_6354 
scaffold_6361 
scaffold_6367 
scaffold_6372 
scaffold_6377 
scaffold_6383 
scaffold_6388 
scaffold_6393 
scaffold_6395 
scaffold_6397 
scaffold_6400 
scaffold_6401 
scaffold_6410 
scaffold_6413 
scaffold_6414 
scaffold_6416 
scaffold_6421 
scaffold_6425 
scaffold_6428 
scaffold_6430 
scaffold_6431 
scaffold_6432 
scaffold_6438 
scaffold_6439 
scaffold_6441 
scaffold_6444 
scaffold_6446 
scaffold_6457 
scaffold_6458 
scaffold_6461 
scaffold_6475 
scaffold_6478 
scaffold_6482 
scaffold_6484 
scaffold_6487 
scaffold_6489 
scaffold_6495 
scaffold_6496 
scaffold_6497 
scaffold_6498 
scaffold_6499 
scaffold_6501 
scaffold_6502 
scaffold_6516 
scaffold_6522 
scaffold_6523 
scaffold_6525 
scaffold_6527 
scaffold_6528 
scaffold_6534 
scaffold_6538 
scaffold_6547 
scaffold_6548 
scaffold_6553 
scaffold_6554 
scaffold_6558 
scaffold_6561 
scaffold_6562 
scaffold_6564 
scaffold_6566 
scaffold_6567 
scaffold_6570 
scaffold_6573 
scaffold_6583 
scaffold_6584 
scaffold_6588 
scaffold_6590 
scaffold_6593 
scaffold_6594 
scaffold_6596 
scaffold_6597 
scaffold_6599 
scaffold_6601 
scaffold_6604 
scaffold_6606 
scaffold_6609 
scaffold_6612 
scaffold_6614 
scaffold_6616 
scaffold_6617 
scaffold_6619 
scaffold_6628 
scaffold_6629 
scaffold_6631 
scaffold_6634 
scaffold_6636 
scaffold_6638 
scaffold_6642 
scaffold_6644 
scaffold_6645 
scaffold_6651 
scaffold_6653 
scaffold_6655 
scaffold_6658 
scaffold_6661 
scaffold_6662 
scaffold_6663 
scaffold_6667 
scaffold_6680 
scaffold_6682 
scaffold_6684 
scaffold_6685 
scaffold_6686 
scaffold_6687 
scaffold_6694 
scaffold_6695 
scaffold_6696 
scaffold_6697 
scaffold_6699 
scaffold_6701 
scaffold_6707 
scaffold_6712 
scaffold_6717 
scaffold_6718 
scaffold_6720 
scaffold_6722 
scaffold_6725 
scaffold_6728 
scaffold_6734 
scaffold_6735 
scaffold_6738 
scaffold_6740 
scaffold_6746 
scaffold_6747 
scaffold_6748 
scaffold_6750 
scaffold_6753 
scaffold_6756 
scaffold_6758 
scaffold_6768 
scaffold_6769 
scaffold_6771 
scaffold_6774 
scaffold_6776 
scaffold_6777 
scaffold_6778 
scaffold_6781 
scaffold_6783 
scaffold_6789 
scaffold_6792 
scaffold_6795 
scaffold_6798 
scaffold_6800 
scaffold_6806 
scaffold_6807 
scaffold_6812 
scaffold_6813 
scaffold_6814 
scaffold_6815 
scaffold_6828 
scaffold_6830 
scaffold_6833 
scaffold_6834 
scaffold_6835 
scaffold_6839 
scaffold_6841 
scaffold_6842 
scaffold_6848 
scaffold_6850 
scaffold_6852 
scaffold_6855 
scaffold_6857 
scaffold_6858 
scaffold_6859 
scaffold_6866 
scaffold_6867 
scaffold_6868 
scaffold_6870 
scaffold_6872 
scaffold_6873 
scaffold_6881 
scaffold_6884 
scaffold_6885 
scaffold_6886 
scaffold_6891 
scaffold_6892 
scaffold_6893 
scaffold_6897 
scaffold_6902 
scaffold_6904 
scaffold_6905 
scaffold_6908 
scaffold_6909 
scaffold_6910 
scaffold_6912 
scaffold_6913 
scaffold_6914 
scaffold_6916 
scaffold_6918 
scaffold_6919 
scaffold_6921 
scaffold_6925 
scaffold_6926 
scaffold_6927 
scaffold_6928 
scaffold_6935 
scaffold_6938 
scaffold_6940 
scaffold_6941 
scaffold_6943 
scaffold_6949 
scaffold_6961 
scaffold_6970 
scaffold_6974 
scaffold_6977 
scaffold_6978 
scaffold_6979 
scaffold_6981 
scaffold_6990 
scaffold_6994 
scaffold_6997 
scaffold_7000 
scaffold_7001 
scaffold_7002 
scaffold_7005 
scaffold_7007 
scaffold_7008 
scaffold_7009 
scaffold_7011 
scaffold_7014 
scaffold_7015 
scaffold_7019 
scaffold_7023 
scaffold_7024 
scaffold_7026 
scaffold_7027 
scaffold_7029 
scaffold_7032 
scaffold_7033 
scaffold_7035 
scaffold_7037 
scaffold_7038 
scaffold_7039 
scaffold_7043 
scaffold_7047 
scaffold_7050 
scaffold_7051 
scaffold_7056 
scaffold_7057 
scaffold_7059 
scaffold_7063 
scaffold_7065 
scaffold_7071 
scaffold_7073 
scaffold_7074 
scaffold_7078 
scaffold_7079 
scaffold_7086 
scaffold_7090 
scaffold_7095 
scaffold_7099 
scaffold_7103 
scaffold_7104 
scaffold_7106 
scaffold_7109 
scaffold_7110 
scaffold_7112 
scaffold_7118 
scaffold_7120 
scaffold_7127 
scaffold_7128 
scaffold_7129 
scaffold_7130 
scaffold_7135 
scaffold_7136 
scaffold_7139 
scaffold_7142 
scaffold_7143 
scaffold_7144 
scaffold_7145 
scaffold_7156 
scaffold_7159 
scaffold_7163 
scaffold_7164 
scaffold_7166 
scaffold_7168 
scaffold_7169 
scaffold_7171 
scaffold_7173 
scaffold_7176 
scaffold_7177 
scaffold_7178 
scaffold_7179 
scaffold_7181 
scaffold_7182 
scaffold_7185 
scaffold_7186 
scaffold_7187 
scaffold_7188 
scaffold_7190 
scaffold_7193 
scaffold_7194 
scaffold_7201 
scaffold_7204 
scaffold_7214 
scaffold_7215 
scaffold_7217 
scaffold_7219 
scaffold_7220 
scaffold_7224 
scaffold_7225 
scaffold_7229 
scaffold_7233 
scaffold_7234 
scaffold_7236 
scaffold_7237 
scaffold_7239 
scaffold_7243 
scaffold_7244 
scaffold_7245 
scaffold_7246 
scaffold_7250 
scaffold_7252 
scaffold_7254 
scaffold_7255 
scaffold_7258 
scaffold_7260 
scaffold_7261 
scaffold_7262 
scaffold_7263 
scaffold_7273 
scaffold_7274 
scaffold_7276 
scaffold_7277 
scaffold_7279 
scaffold_7280 
scaffold_7281 
scaffold_7284 
scaffold_7285 
scaffold_7288 
scaffold_7295 
scaffold_7296 
scaffold_7300 
scaffold_7301 
scaffold_7305 
scaffold_7307 
scaffold_7310 
scaffold_7312 
scaffold_7313 
scaffold_7320 
scaffold_7321 
scaffold_7322 
scaffold_7323 
scaffold_7327 
scaffold_7328 
scaffold_7329 
scaffold_7340 
scaffold_7344 
scaffold_7345 
scaffold_7346 
scaffold_7349 
scaffold_7350 
scaffold_7351 
scaffold_7352 
scaffold_7353 
scaffold_7356 
scaffold_7357 
scaffold_7363 
scaffold_7366 
scaffold_7367 
scaffold_7368 
scaffold_7371 
scaffold_7372 
scaffold_7374 
scaffold_7375 
scaffold_7378 
scaffold_7379 
scaffold_7383 
scaffold_7384 
scaffold_7388 
scaffold_7389 
scaffold_7393 
scaffold_7394 
scaffold_7395 
scaffold_7396 
scaffold_7397 
scaffold_7398 
scaffold_7399 
scaffold_7401 
scaffold_7402 
scaffold_7410 
scaffold_7416 
scaffold_7418 
scaffold_7420 
scaffold_7423 
scaffold_7426 
scaffold_7428 
scaffold_7429 
scaffold_7431 
scaffold_7432 
scaffold_7436 
scaffold_7437 
scaffold_7439 
scaffold_7440 
scaffold_7444 
scaffold_7452 
scaffold_7453 
scaffold_7454 
scaffold_7455 
scaffold_7458 
scaffold_7459 
scaffold_7460 
scaffold_7461 
scaffold_7462 
scaffold_7464 
scaffold_7466 
scaffold_7468 
scaffold_7469 
scaffold_7470 
scaffold_7471 
scaffold_7474 
scaffold_7477 
scaffold_7478 
scaffold_7479 
scaffold_7481 
scaffold_7483 
scaffold_7484 
scaffold_7485 
scaffold_7486 
scaffold_7495 
scaffold_7497 
scaffold_7498 
scaffold_7499 
scaffold_7500 
scaffold_7506 
scaffold_7508 
scaffold_7509 
scaffold_7510 
scaffold_7511 
scaffold_7512 
scaffold_7513 
scaffold_7514 
scaffold_7519 
scaffold_7520 
scaffold_7522 
scaffold_7524 
scaffold_7526 
scaffold_7527 
scaffold_7530 
scaffold_7536 
scaffold_7537 
scaffold_7542 
scaffold_7543 
scaffold_7545 
scaffold_7546 
scaffold_7547 
scaffold_7549 
scaffold_7550 
scaffold_7553 
scaffold_7554 
scaffold_7555 
scaffold_7557 
scaffold_7558 
scaffold_7559 
scaffold_7569 
scaffold_7571 
scaffold_7575 
scaffold_7576 
scaffold_7577 
scaffold_7578 
scaffold_7583 
scaffold_7584 
scaffold_7587 
scaffold_7591 
scaffold_7592 
scaffold_7594 
scaffold_7599 
scaffold_7601 
scaffold_7606 
scaffold_7608 
scaffold_7610 
scaffold_7613 
scaffold_7617 
scaffold_7621 
scaffold_7622 
scaffold_7623 
scaffold_7625 
scaffold_7626 
scaffold_7629 
scaffold_7630 
scaffold_7631 
scaffold_7632 
scaffold_7633 
scaffold_7634 
scaffold_7641 
scaffold_7644 
scaffold_7645 
scaffold_7646 
scaffold_7647 
scaffold_7652 
scaffold_7654 
scaffold_7655 
scaffold_7656 
scaffold_7657 
scaffold_7659 
scaffold_7660 
scaffold_7661 
scaffold_7664 
scaffold_7667 
scaffold_7669 
scaffold_7673 
scaffold_7674 
scaffold_7676 
scaffold_7677 
scaffold_7678 
scaffold_7679 
scaffold_7682 
scaffold_7683 
scaffold_7686 
scaffold_7688 
scaffold_7689 
scaffold_7692 
scaffold_7693 
scaffold_7694 
scaffold_7695 
scaffold_7699 
scaffold_7700 
scaffold_7703 
scaffold_7707 
scaffold_7711 
scaffold_7714 
scaffold_7717 
scaffold_7722 
scaffold_7723 
scaffold_7725 
scaffold_7728 
scaffold_7729 
scaffold_7731 
scaffold_7732 
scaffold_7733 
scaffold_7734 
scaffold_7736 
scaffold_7740 
scaffold_7744 
scaffold_7745 
scaffold_7746 
scaffold_7748 
scaffold_7749 
scaffold_7756 
scaffold_7757 
scaffold_7758 
scaffold_7761 
scaffold_7763 
scaffold_7770 
scaffold_7771 
scaffold_7772 
scaffold_7775 
scaffold_7778 
scaffold_7782 
scaffold_7784 
scaffold_7786 
scaffold_7789 
scaffold_7792 
scaffold_7793 
scaffold_7795 
scaffold_7796 
scaffold_7800 
scaffold_7801 
scaffold_7804 
scaffold_7807 
scaffold_7808 
scaffold_7812 
scaffold_7814 
scaffold_7817 
scaffold_7818 
scaffold_7821 
scaffold_7824 
scaffold_7826 
scaffold_7828 
scaffold_7831 
scaffold_7832 
scaffold_7835 
scaffold_7836 
scaffold_7841 
scaffold_7846 
scaffold_7848 
scaffold_7852 
scaffold_7853 
scaffold_7857 
scaffold_7858 
scaffold_7861 
scaffold_7863 
scaffold_7871 
scaffold_7872 
scaffold_7874 
scaffold_7875 
scaffold_7876 
scaffold_7878 
scaffold_7882 
scaffold_7885 
scaffold_7887 
scaffold_7891 
scaffold_7896 
scaffold_7898 
scaffold_7899 
scaffold_7901 
scaffold_7903 
scaffold_7907 
scaffold_7909 
scaffold_7913 
scaffold_7914 
scaffold_7919 
scaffold_7925 
scaffold_7927 
scaffold_7928 
scaffold_7929 
scaffold_7930 
scaffold_7931 
scaffold_7935 
scaffold_7936 
scaffold_7938 
scaffold_7939 
scaffold_7940 
scaffold_7941 
scaffold_7945 
scaffold_7950 
scaffold_7951 
scaffold_7952 
scaffold_7956 
scaffold_7960 
scaffold_7962 
scaffold_7963 
scaffold_7968 
scaffold_7969 
scaffold_7970 
scaffold_7971 
scaffold_7973 
scaffold_7974 
scaffold_7976 
scaffold_7977 
scaffold_7978 
scaffold_7981 
scaffold_7984 
scaffold_7986 
scaffold_7989 
scaffold_7995 
scaffold_7999 
scaffold_8001 
scaffold_8004 
scaffold_8005 
scaffold_8006 
scaffold_8008 
scaffold_8009 
scaffold_8010 
scaffold_8011 
scaffold_8013 
scaffold_8015 
scaffold_8016 
scaffold_8017 
scaffold_8018 
scaffold_8020 
scaffold_8021 
scaffold_8022 
scaffold_8025 
scaffold_8027 
scaffold_8028 
scaffold_8035 
scaffold_8040 
scaffold_8042 
scaffold_8043 
scaffold_8046 
scaffold_8048 
scaffold_8050 
scaffold_8051 
scaffold_8053 
scaffold_8055 
scaffold_8057 
scaffold_8058 
scaffold_8060 
scaffold_8061 
scaffold_8067 
scaffold_8069 
scaffold_8070 
scaffold_8071 
scaffold_8073 
scaffold_8080 
scaffold_8081 
scaffold_8083 
scaffold_8084 
scaffold_8090 
scaffold_8091 
scaffold_8092 
scaffold_8096 
scaffold_8097 
scaffold_8098 
scaffold_8099 
scaffold_8105 
scaffold_8110 
scaffold_8112 
scaffold_8114 
scaffold_8115 
scaffold_8116 
scaffold_8119 
scaffold_8120 
scaffold_8127 
scaffold_8130 
scaffold_8131 
scaffold_8133 
scaffold_8134 
scaffold_8137 
scaffold_8140 
scaffold_8142 
scaffold_8145 
scaffold_8147 
scaffold_8148 
scaffold_8152 
scaffold_8154 
scaffold_8158 
scaffold_8159 
scaffold_8160 
scaffold_8165 
scaffold_8166 
scaffold_8167 
scaffold_8168 
scaffold_8172 
scaffold_8174 
scaffold_8175 
scaffold_8178 
scaffold_8179 
scaffold_8180 
scaffold_8181 
scaffold_8183 
scaffold_8184 
scaffold_8187 
scaffold_8188 
scaffold_8191 
scaffold_8192 
scaffold_8194 
scaffold_8197 
scaffold_8198 
scaffold_8199 
scaffold_8200 
scaffold_8201 
scaffold_8204 
scaffold_8206 
scaffold_8209 
scaffold_8211 
scaffold_8216 
scaffold_8218 
scaffold_8219 
scaffold_8225 
scaffold_8231 
scaffold_8232 
scaffold_8235 
scaffold_8238 
scaffold_8239 
scaffold_8245 
scaffold_8246 
scaffold_8249 
scaffold_8251 
scaffold_8252 
scaffold_8253 
scaffold_8256 
scaffold_8258 
scaffold_8263 
scaffold_8264 
scaffold_8265 
scaffold_8267 
scaffold_8274 
scaffold_8276 
scaffold_8280 
scaffold_8281 
scaffold_8283 
scaffold_8286 
scaffold_8288 
scaffold_8290 
scaffold_8292 
scaffold_8294 
scaffold_8295 
scaffold_8296 
scaffold_8298 
scaffold_8299 
scaffold_8301 
scaffold_8302 
scaffold_8305 
scaffold_8306 
scaffold_8308 
scaffold_8314 
scaffold_8316 
scaffold_8317 
scaffold_8320 
scaffold_8323 
scaffold_8324 
scaffold_8326 
scaffold_8327 
scaffold_8328 
scaffold_8329 
scaffold_8330 
scaffold_8331 
scaffold_8333 
scaffold_8337 
scaffold_8339 
scaffold_8341 
scaffold_8343 
scaffold_8346 
scaffold_8347 
scaffold_8348 
scaffold_8351 
scaffold_8354 
scaffold_8358 
scaffold_8359 
scaffold_8365 
scaffold_8366 
scaffold_8370 
scaffold_8372 
scaffold_8376 
scaffold_8377 
scaffold_8379 
scaffold_8381 
scaffold_8382 
scaffold_8383 
scaffold_8384 
scaffold_8385 
scaffold_8386 
scaffold_8387 
scaffold_8388 
scaffold_8392 
scaffold_8394 
scaffold_8398 
scaffold_8399 
scaffold_8401 
scaffold_8402 
scaffold_8403 
scaffold_8405 
scaffold_8407 
scaffold_8408 
scaffold_8409 
scaffold_8410 
scaffold_8411 
scaffold_8412 
scaffold_8415 
scaffold_8418 
scaffold_8419 
scaffold_8423 
scaffold_8424 
scaffold_8427 
scaffold_8430 
scaffold_8433 
scaffold_8434 
scaffold_8435 
scaffold_8439 
scaffold_8441 
scaffold_8442 
scaffold_8444 
scaffold_8447 
scaffold_8450 
scaffold_8452 
scaffold_8455 
scaffold_8458 
scaffold_8466 
scaffold_8467 
scaffold_8468 
scaffold_8471 
scaffold_8472 
scaffold_8473 
scaffold_8474 
scaffold_8477 
scaffold_8478 
scaffold_8479 
scaffold_8484 
scaffold_8487 
scaffold_8491 
scaffold_8492 
scaffold_8494 
scaffold_8495 
scaffold_8496 
scaffold_8499 
scaffold_8500 
scaffold_8501 
scaffold_8504 
scaffold_8506 
scaffold_8509 
scaffold_8510 
scaffold_8511 
scaffold_8513 
scaffold_8514 
scaffold_8516 
scaffold_8518 
scaffold_8519 
scaffold_8522 
scaffold_8525 
scaffold_8526 
scaffold_8527 
scaffold_8528 
scaffold_8529 
scaffold_8531 
scaffold_8532 
scaffold_8533 
scaffold_8537 
scaffold_8539 
scaffold_8540 
scaffold_8543 
scaffold_8546 
scaffold_8547 
scaffold_8551 
scaffold_8552 
scaffold_8553 
scaffold_8554 
scaffold_8562 
scaffold_8565 
scaffold_8569 
scaffold_8571 
scaffold_8572 
scaffold_8574 
scaffold_8575 
scaffold_8577 
scaffold_8579 
scaffold_8582 
scaffold_8584 
scaffold_8586 
scaffold_8588 
scaffold_8589 
scaffold_8590 
scaffold_8595 
scaffold_8596 
scaffold_8598 
scaffold_8599 
scaffold_8601 
scaffold_8603 
scaffold_8605 
scaffold_8606 
scaffold_8608 
scaffold_8612 
scaffold_8617 
scaffold_8618 
scaffold_8623 
scaffold_8624 
scaffold_8625 
scaffold_8628 
scaffold_8629 
scaffold_8632 
scaffold_8634 
scaffold_8635 
scaffold_8636 
scaffold_8637 
scaffold_8638 
scaffold_8639 
scaffold_8640 
scaffold_8642 
scaffold_8646 
scaffold_8647 
scaffold_8649 
scaffold_8650 
scaffold_8654 
scaffold_8655 
scaffold_8656 
scaffold_8657 
scaffold_8658 
scaffold_8660 
scaffold_8662 
scaffold_8665 
scaffold_8666 
scaffold_8667 
scaffold_8668 
scaffold_8672 
scaffold_8674 
scaffold_8675 
scaffold_8676 
scaffold_8677 
scaffold_8678 
scaffold_8680 
scaffold_8683 
scaffold_8686 
scaffold_8687 
scaffold_8690 
scaffold_8692 
scaffold_8693 
scaffold_8694 
scaffold_8695 
scaffold_8698 
scaffold_8699 
scaffold_8700 
scaffold_8701 
scaffold_8703 
scaffold_8706 
scaffold_8709 
scaffold_8710 
scaffold_8711 
scaffold_8713 
scaffold_8715 
scaffold_8717 
scaffold_8718 
scaffold_8719 
scaffold_8720 
scaffold_8722 
scaffold_8725 
scaffold_8726 
scaffold_8728 
scaffold_8730 
scaffold_8734 
scaffold_8736 
scaffold_8737 
scaffold_8738 
scaffold_8740 
scaffold_8741 
scaffold_8744 
scaffold_8745 
scaffold_8748 
scaffold_8749 
scaffold_8752 
scaffold_8754 
scaffold_8755 
scaffold_8759 
scaffold_8760 
scaffold_8761 
scaffold_8764 
scaffold_8765 
scaffold_8766 
scaffold_8768 
scaffold_8770 
scaffold_8771 
scaffold_8773 
scaffold_8776 
scaffold_8778 
scaffold_8780 
scaffold_8781 
scaffold_8784 
scaffold_8785 
scaffold_8786 
scaffold_8792 
scaffold_8797 
scaffold_8801 
scaffold_8802 
scaffold_8803 
scaffold_8804 
scaffold_8809 
scaffold_8810 
scaffold_8820 
scaffold_8822 
scaffold_8823 
scaffold_8825 
scaffold_8826 
scaffold_8828 
scaffold_8829 
scaffold_8830 
scaffold_8831 
scaffold_8833 
scaffold_8834 
scaffold_8835 
scaffold_8836 
scaffold_8838 
scaffold_8840 
scaffold_8841 
scaffold_8842 
scaffold_8843 
scaffold_8844 
scaffold_8845 
scaffold_8847 
scaffold_8850 
scaffold_8851 
scaffold_8853 
scaffold_8855 
scaffold_8856 
scaffold_8857 
scaffold_8858 
scaffold_8859 
scaffold_8861 
scaffold_8862 
scaffold_8863 
scaffold_8865 
scaffold_8866 
scaffold_8869 
scaffold_8870 
scaffold_8871 
scaffold_8873 
scaffold_8874 
scaffold_8875 
scaffold_8876 
scaffold_8877 
scaffold_8879 
scaffold_8881 
scaffold_8885 
scaffold_8887 
scaffold_8894 
scaffold_8897 
scaffold_8899 
scaffold_8900 
scaffold_8901 
scaffold_8902 
scaffold_8903 
scaffold_8906 
scaffold_8907 
scaffold_8909 
scaffold_8911 
scaffold_8914 
scaffold_8915 
scaffold_8917 
scaffold_8919 
scaffold_8921 
scaffold_8923 
scaffold_8925 
scaffold_8930 
scaffold_8932 
scaffold_8936 
scaffold_8937 
scaffold_8938 
scaffold_8943 
scaffold_8945 
scaffold_8947 
scaffold_8948 
scaffold_8949 
scaffold_8951 
scaffold_8952 
scaffold_8955 
scaffold_8956 
scaffold_8959 
scaffold_8960 
scaffold_8963 
scaffold_8966 
scaffold_8967 
scaffold_8968 
scaffold_8971 
scaffold_8974 
scaffold_8975 
scaffold_8979 
scaffold_8980 
scaffold_8983 
scaffold_8985 
scaffold_8986 
scaffold_8987 
scaffold_8988 
scaffold_8989 
scaffold_8994 
scaffold_8996 
scaffold_8998 
scaffold_9000 
scaffold_9003 
scaffold_9004 
scaffold_9005 
scaffold_9008 
scaffold_9011 
scaffold_9012 
scaffold_9014 
scaffold_9015 
scaffold_9016 
scaffold_9019 
scaffold_9020 
scaffold_9021 
scaffold_9025 
scaffold_9027 
scaffold_9029 
scaffold_9032 
scaffold_9033 
scaffold_9036 
scaffold_9037 
scaffold_9039 
scaffold_9041 
scaffold_9043 
scaffold_9045 
scaffold_9050 
scaffold_9054 
scaffold_9055 
scaffold_9057 
scaffold_9059 
scaffold_9060 
scaffold_9065 
scaffold_9068 
scaffold_9070 
scaffold_9073 
scaffold_9075 
scaffold_9076 
scaffold_9077 
scaffold_9080 
scaffold_9085 
scaffold_9087 
scaffold_9088 
scaffold_9091 
scaffold_9093 
scaffold_9096 
scaffold_9097 
scaffold_9099 
scaffold_9100 
scaffold_9101 
scaffold_9103 
scaffold_9105 
scaffold_9109 
scaffold_9112 
scaffold_9113 
scaffold_9117 
scaffold_9119 
scaffold_9123 
scaffold_9127 
scaffold_9128 
scaffold_9133 
scaffold_9137 
scaffold_9138 
scaffold_9142 
scaffold_9143 
scaffold_9144 
scaffold_9149 
scaffold_9152 
scaffold_9153 
scaffold_9157 
scaffold_9161 
scaffold_9162 
scaffold_9163 
scaffold_9169 
scaffold_9170 
scaffold_9172 
scaffold_9181 
scaffold_9182 
scaffold_9183 
scaffold_9186 
scaffold_9189 
scaffold_9193 
scaffold_9194 
scaffold_9197 
scaffold_9200 
scaffold_9201 
scaffold_9204 
scaffold_9208 
scaffold_9209 
scaffold_9211 
scaffold_9212 
scaffold_9213 
scaffold_9214 
scaffold_9215 
scaffold_9217 
scaffold_9219 
scaffold_9220 
scaffold_9224 
scaffold_9226 
scaffold_9228 
scaffold_9230 
scaffold_9231 
scaffold_9234 
scaffold_9236 
scaffold_9238 
scaffold_9241 
scaffold_9246 
scaffold_9253 
scaffold_9255 
scaffold_9256 
scaffold_9259 
scaffold_9260 
scaffold_9261 
scaffold_9262 
scaffold_9263 
scaffold_9264 
scaffold_9265 
scaffold_9274 
scaffold_9281 
scaffold_9283 
scaffold_9284 
scaffold_9285 
scaffold_9286 
scaffold_9289 
scaffold_9292 
scaffold_9297 
scaffold_9299 
scaffold_9301 
scaffold_9302 
scaffold_9303 
scaffold_9307 
scaffold_9308 
scaffold_9311 
scaffold_9312 
scaffold_9313 
scaffold_9314 
scaffold_9322 
scaffold_9323 
scaffold_9328 
scaffold_9329 
scaffold_9330 
scaffold_9334 
scaffold_9335 
scaffold_9342 
scaffold_9343 
scaffold_9344 
scaffold_9346 
scaffold_9351 
scaffold_9352 
scaffold_9360 
scaffold_9364 
scaffold_9369 
scaffold_9375 
scaffold_9378 
scaffold_9380 
scaffold_9386 
scaffold_9388 
scaffold_9392 
scaffold_9399 
scaffold_9401 
scaffold_9406 
scaffold_9408 
scaffold_9409 
scaffold_9410 
scaffold_9415 
scaffold_9416 
scaffold_9417 
scaffold_9422 
scaffold_9424 
scaffold_9426 
scaffold_9427 
scaffold_9428 
scaffold_9431 
scaffold_9432 
scaffold_9433 
scaffold_9436 
scaffold_9437 
scaffold_9442 
scaffold_9450 
scaffold_9451 
scaffold_9453 
scaffold_9457 
scaffold_9458 
scaffold_9467 
scaffold_9468 
scaffold_9469 
scaffold_9473 
scaffold_9474 
scaffold_9475 
scaffold_9476 
scaffold_9478 
scaffold_9481 
scaffold_9483 
scaffold_9484 
scaffold_9485 
scaffold_9488 
scaffold_9490 
scaffold_9493 
scaffold_9497 
scaffold_9498 
scaffold_9500 
scaffold_9503 
scaffold_9504 
scaffold_9506 
scaffold_9508 
scaffold_9510 
scaffold_9512 
scaffold_9515 
scaffold_9517 
scaffold_9522 
scaffold_9523 
scaffold_9524 
scaffold_9526 
scaffold_9527 
scaffold_9530 
scaffold_9531 
scaffold_9535 
scaffold_9538 
scaffold_9540 
scaffold_9549 
scaffold_9553 
scaffold_9554 
scaffold_9557 
scaffold_9560 
scaffold_9565 
scaffold_9567 
scaffold_9569 
scaffold_9570 
scaffold_9572 
scaffold_9573 
scaffold_9575 
scaffold_9578 
scaffold_9579 
scaffold_9581 
scaffold_9583 
scaffold_9587 
scaffold_9590 
scaffold_9593 
scaffold_9595 
scaffold_9597 
scaffold_9600 
scaffold_9601 
scaffold_9603 
scaffold_9604 
scaffold_9610 
scaffold_9612 
scaffold_9613 
scaffold_9614 
scaffold_9615 
scaffold_9620 
scaffold_9621 
scaffold_9623 
scaffold_9624 
scaffold_9628 
scaffold_9630 
scaffold_9632 
scaffold_9637 
scaffold_9640 
scaffold_9642 
scaffold_9643 
scaffold_9648 
scaffold_9649 
scaffold_9650 
scaffold_9653 
scaffold_9654 
scaffold_9662 
scaffold_9663 
scaffold_9665 
scaffold_9670 
scaffold_9671 
scaffold_9672 
scaffold_9674 
scaffold_9676 
scaffold_9677 
scaffold_9679 
scaffold_9684 
scaffold_9685 
scaffold_9686 
scaffold_9698 
scaffold_9699 
scaffold_9705 
scaffold_9706 
scaffold_9708 
scaffold_9709 
scaffold_9712 
scaffold_9717 
scaffold_9719 
scaffold_9720 
scaffold_9722 
scaffold_9723 
scaffold_9726 
scaffold_9728 
scaffold_9731 
scaffold_9732 
scaffold_9734 
scaffold_9736 
scaffold_9737 
scaffold_9739 
scaffold_9742 
scaffold_9745 
scaffold_9746 
scaffold_9747 
scaffold_9748 
scaffold_9749 
scaffold_9750 
scaffold_9752 
scaffold_9754 
scaffold_9758 
scaffold_9761 
scaffold_9762 
scaffold_9763 
scaffold_9766 
scaffold_9767 
scaffold_9768 
scaffold_9770 
scaffold_9773 
scaffold_9776 
scaffold_9779 
scaffold_9784 
scaffold_9785 
scaffold_9786 
scaffold_9789 
scaffold_9794 
scaffold_9797 
scaffold_9804 
scaffold_9806 
scaffold_9809 
scaffold_9813 
scaffold_9814 
scaffold_9816 
scaffold_9817 
scaffold_9819 
scaffold_9821 
scaffold_9825 
scaffold_9826 
scaffold_9827 
scaffold_9830 
scaffold_9835 
scaffold_9839 
scaffold_9840 
scaffold_9847 
scaffold_9848 
scaffold_9853 
scaffold_9855 
scaffold_9859 
scaffold_9861 
scaffold_9862 
scaffold_9867 
scaffold_9872 
scaffold_9873 
scaffold_9876 
scaffold_9877 
scaffold_9880 
scaffold_9882 
scaffold_9885 
scaffold_9893 
scaffold_9897 
scaffold_9898 
scaffold_9900 
scaffold_9901 
scaffold_9904 
scaffold_9905 
scaffold_9911 
scaffold_9912 
scaffold_9913 
scaffold_9919 
scaffold_9929 
scaffold_9931 
scaffold_9935 
scaffold_9937 
scaffold_9940 
scaffold_9942 
scaffold_9947 
scaffold_9948 
scaffold_9950 
scaffold_9952 
scaffold_9954 
scaffold_9955 
scaffold_9956 
scaffold_9963 
scaffold_9965 
scaffold_9966 
scaffold_9974 
scaffold_9978 
scaffold_9983 
scaffold_9985 
scaffold_9988 
scaffold_9990 
scaffold_9992 
scaffold_9996 
scaffold_9998 
scaffold_9999 

Removed 0 loci that did not pass sample/population constraints from 510565 loci.
Kept 510565 loci, composed of 84601906 sites; 0 of those sites were filtered, 152814 variant sites remained.
    71542018 genomic sites, of which 10506037 were covered by multiple loci (14.7%).
Mean genotyped sites per locus: 163.34bp (stderr 0.06).

Population summary statistics (more detail in populations.sumstats_summary.tsv):
  BWP_Res_SG: 4.0527 samples per locus; pi: 0.11748; all/variant/polymorphic sites: 17692433/83809/22579; private alleles: 10572
  BWP_Mig_SG: 6.2986 samples per locus; pi: 0.27169; all/variant/polymorphic sites: 40629724/147554/91812; private alleles: 41960
  BWP_Mig_TH: 9.5397 samples per locus; pi: 0.12366; all/variant/polymorphic sites: 62748723/93745/40617; private alleles: 21355
  MP_Res_SG: 5.4885 samples per locus; pi: 0.064313; all/variant/polymorphic sites: 28986360/86781/16594; private alleles: 22184

Population pair divergence statistics (more in populations.fst_summary.tsv and populations.phistats_summary.tsv):
  BWP_Res_SG-BWP_Mig_SG: mean Fst: 0.14604; mean Phi_st: 0.10138; mean Fst': 0.098563; mean Dxy: 0.0024952
  BWP_Res_SG-BWP_Mig_TH: mean Fst: 0.1303; mean Phi_st: 0.097444; mean Fst': 0.090331; mean Dxy: 0.0024378
  BWP_Res_SG-MP_Res_SG: mean Fst: 0.32336; mean Phi_st: 0.31529; mean Fst': 0.28234; mean Dxy: 0.0028711
  BWP_Mig_SG-BWP_Mig_TH: mean Fst: 0.11708; mean Phi_st: 0.073417; mean Fst': 0.070206; mean Dxy: 0.0024912
  BWP_Mig_SG-MP_Res_SG: mean Fst: 0.29627; mean Phi_st: 0.26535; mean Fst': 0.26093; mean Dxy: 0.0029947
  BWP_Mig_TH-MP_Res_SG: mean Fst: 0.23433; mean Phi_st: 0.228; mean Fst': 0.21052; mean Dxy: 0.0023693

Populations is done.
